2017-06-02 16:37:47 INFO  [bing.AppUI] 感谢使用 订单闭环工具
2017-06-02 16:44:39 INFO  [bing.AppUI] 感谢使用 订单闭环工具
2017-06-02 16:44:48 ERROR [bing.util.ConfigUtils] 加载配置文件[config.ini]时出现了异常...
java.nio.file.InvalidPathException: Illegal char <:> at index 2: /D:/apps/git/OrderCloseTools/target/classes/config.ini	sun.nio.fs.WindowsPathParser.normalize(WindowsPathParser.java:182)
sun.nio.fs.WindowsPathParser.parse(WindowsPathParser.java:153)
sun.nio.fs.WindowsPathParser.parse(WindowsPathParser.java:77)
sun.nio.fs.WindowsPath.parse(WindowsPath.java:94)
sun.nio.fs.WindowsFileSystem.getPath(WindowsFileSystem.java:255)
java.nio.file.Paths.get(Paths.java:84)
bing.util.ConfigUtils.getConfig(ConfigUtils.java:30)
bing.thread.TaskThread.run(TaskThread.java:49)
java.lang.Thread.run(Thread.java:748)

2017-06-02 16:45:27 INFO  [bing.AppUI] 感谢使用 订单闭环工具
2017-06-02 16:45:39 INFO  [bing.thread.TaskThread] 起止月份解析完成...
2017-06-02 16:45:39 INFO  [bing.thread.TaskThread] 正在处理文件：D:\opt\order.txt
2017-06-02 16:45:39 INFO  [bing.AppUI] 订单闭环更新SQL生成完毕.....
2017-06-02 16:49:16 INFO  [bing.AppUI] 感谢使用 订单闭环工具
2017-06-02 16:49:27 INFO  [bing.thread.TaskThread] 起止月份解析完成...
2017-06-02 16:49:27 INFO  [bing.thread.TaskThread] 正在处理文件：D:\opt\order.txt
2017-06-02 16:49:27 INFO  [bing.AppUI] 订单闭环更新SQL生成完毕.....
